<?xml version="1.0" encoding="UTF-8"?>
<!-- Generated by org.testng.reporters.JUnitReportReporter -->
<testsuite hostname="LAPTOP-UH7TE2ML" failures="0" tests="1" name="com.test.ActionClass" time="58.521" errors="0" timestamp="2022-02-17T06:18:13 IST" skipped="0">
  <testcase classname="com.test.ActionClass" name="actionClass" time="58.521"/>
  <system-out/>
</testsuite> <!-- com.test.ActionClass -->
