<?xml version="1.0" encoding="UTF-8"?>
<!-- Generated by org.testng.reporters.JUnitReportReporter -->
<testsuite hostname="LAPTOP-UH7TE2ML" failures="0" tests="1" name="com.test.CheckBoxes" time="36.917" errors="0" timestamp="2022-02-17T06:18:13 IST" skipped="0">
  <testcase classname="com.test.CheckBoxes" name="checkBoxes" time="36.917"/>
  <system-out/>
</testsuite> <!-- com.test.CheckBoxes -->
